0 info it worked if it ends with ok
1 verbose cli [ '/usr/bin/node', '/usr/bin/npm', 'run', 'push' ]
2 info using npm@3.5.2
3 info using node@v8.10.0
4 verbose run-script [ 'prepush', 'push', 'postpush' ]
5 info lifecycle template@0.1.1~prepush: template@0.1.1
6 silly lifecycle template@0.1.1~prepush: no script for prepush, continuing
7 info lifecycle template@0.1.1~push: template@0.1.1
8 verbose lifecycle template@0.1.1~push: unsafe-perm in lifecycle true
9 verbose lifecycle template@0.1.1~push: PATH: /usr/share/npm/bin/node-gyp-bin:/mnt/d/Dateien/GitRepos/React/template/node_modules/.bin:/usr/local/sbin:/usr/local/bin:/usr/sbin:/usr/bin:/sbin:/bin:/usr/games:/usr/local/games:/mnt/c/Program Files (x86)/NVIDIA Corporation/PhysX/Common:/mnt/c/Program Files/Docker/Docker/resources/bin:/mnt/c/ProgramData/Oracle/Java/javapath_target_2079836875:/mnt/c/Windows/System32:/mnt/c/Windows:/mnt/c/Windows/System32/wbem:/mnt/c/Windows/System32/WindowsPowerShell/v1.0:/mnt/c/Windows/System32/OpenSSH:/mnt/c/Users/falco/AppData/Local/Programs/Python/Python36-32/Scripts:/mnt/c/Users/falco/AppData/Local/Programs/Python/Python36-32:/mnt/c/Users/falco/AppData/Local/Microsoft/WindowsApps:/mnt/c/Users/falco/AppData/Local/Programs/Microsoft VS Code/bin:/snap/bin
10 verbose lifecycle template@0.1.1~push: CWD: /mnt/d/Dateien/GitRepos/React/template
11 silly lifecycle template@0.1.1~push: Args: [ '-c',
11 silly lifecycle   'git add -A && git commit -m \'generic: npm push\' && git push' ]
12 silly lifecycle template@0.1.1~push: Returned: code: 1  signal: null
13 info lifecycle template@0.1.1~push: Failed to exec push script
14 verbose stack Error: template@0.1.1 push: `git add -A && git commit -m 'generic: npm push' && git push`
14 verbose stack Exit status 1
14 verbose stack     at EventEmitter.<anonymous> (/usr/share/npm/lib/utils/lifecycle.js:232:16)
14 verbose stack     at emitTwo (events.js:126:13)
14 verbose stack     at EventEmitter.emit (events.js:214:7)
14 verbose stack     at ChildProcess.<anonymous> (/usr/share/npm/lib/utils/spawn.js:24:14)
14 verbose stack     at emitTwo (events.js:126:13)
14 verbose stack     at ChildProcess.emit (events.js:214:7)
14 verbose stack     at maybeClose (internal/child_process.js:925:16)
14 verbose stack     at Process.ChildProcess._handle.onexit (internal/child_process.js:209:5)
15 verbose pkgid template@0.1.1
16 verbose cwd /mnt/d/Dateien/GitRepos/React/template
17 error Linux 4.4.0-17134-Microsoft
18 error argv "/usr/bin/node" "/usr/bin/npm" "run" "push"
19 error node v8.10.0
20 error npm  v3.5.2
21 error code ELIFECYCLE
22 error template@0.1.1 push: `git add -A && git commit -m 'generic: npm push' && git push`
22 error Exit status 1
23 error Failed at the template@0.1.1 push script 'git add -A && git commit -m 'generic: npm push' && git push'.
23 error Make sure you have the latest version of node.js and npm installed.
23 error If you do, this is most likely a problem with the template package,
23 error not with npm itself.
23 error Tell the author that this fails on your system:
23 error     git add -A && git commit -m 'generic: npm push' && git push
23 error You can get information on how to open an issue for this project with:
23 error     npm bugs template
23 error Or if that isn't available, you can get their info via:
23 error     npm owner ls template
23 error There is likely additional logging output above.
24 verbose exit [ 1, true ]
